[
    {
        "type": "SkippedContent",
        "verbosity": "INFO",
        "contents": "<meta charset=\"UTF-8\">",
        "source": "input",
        "line": 2,
        "column": 1
    },
    {
        "type": "SkippedContent",
        "verbosity": "INFO",
        "contents": "</meta>",
        "source": "input",
        "line": 2,
        "column": 1
    },
    {
        "type": "SkippedContent",
        "verbosity": "INFO",
        "contents": "<meta name=\"viewport\" content=\"width=device-width\">",
        "source": "input",
        "line": 3,
        "column": 1
    },
    {
        "type": "SkippedContent",
        "verbosity": "INFO",
        "contents": "</meta>",
        "source": "input",
        "line": 3,
        "column": 1
    },
    {
        "type": "SkippedContent",
        "verbosity": "INFO",
        "contents": "<article>",
        "source": "input",
        "line": 15,
        "column": 5
    },
    {
        "type": "SkippedContent",
        "verbosity": "INFO",
        "contents": "</article>",
        "source": "input",
        "line": 78,
        "column": 5
    },
    {
        "type": "NoLangSpecified",
        "verbosity": "INFO"
    },
    {
        "type": "Fetching",
        "verbosity": "INFO",
        "path": "https://blog.codinghorror.com/content/images/2020/04/dan-a4-sfx-v2-build-pc-side.jpg"
    },
    {
        "type": "Fetching",
        "verbosity": "INFO",
        "path": "https://blog.codinghorror.com/content/images/2020/04/dan-a4-sfx-v2-build-gpu-side.jpg"
    },
    {
        "type": "Fetching",
        "verbosity": "INFO",
        "path": "https://blog.codinghorror.com/content/images/2020/04/IMG_0545.jpg"
    },
    {
        "type": "Fetching",
        "verbosity": "INFO",
        "path": "https://blog.codinghorror.com/content/images/2020/04/IMG_0532.jpg"
    },
    {
        "type": "Fetching",
        "verbosity": "INFO",
        "path": "https://blog.codinghorror.com/content/images/2020/04/mini-itx-case-sizes-compared.png"
    },
    {
        "type": "Fetching",
        "verbosity": "INFO",
        "path": "https://blog.codinghorror.com/content/images/2020/04/streacom-da2-9900ks-stats.png"
    },
    {
        "type": "Fetching",
        "verbosity": "INFO",
        "path": "https://blog.codinghorror.com/content/images/2020/04/streacom-da2-overview.png"
    },
    {
        "type": "Fetching",
        "verbosity": "INFO",
        "path": "https://blog.codinghorror.com/content/images/2020/04/streacom-da2-bracket-options.png"
    },
    {
        "type": "Fetching",
        "verbosity": "INFO",
        "path": "https://blog.codinghorror.com/content/images/2020/04/streacom-da2-dust-nets.png"
    },
    {
        "type": "Fetching",
        "verbosity": "INFO",
        "path": "https://blog.codinghorror.com/content/images/2020/04/streacom-da2-fan-config.jpg"
    },
    {
        "type": "Fetching",
        "verbosity": "INFO",
        "path": "https://blog.codinghorror.com/content/images/2020/04/open-air-mini-itx-build.jpg"
    },
    {
        "type": "NoLangSpecified",
        "verbosity": "INFO"
    },
    {
        "type": "NoLangSpecified",
        "verbosity": "INFO"
    }
]